<?xml version="1.0" encoding="UTF-8"?>
<!-- Generated by org.testng.reporters.JUnitXMLReporter -->
<testsuite hostname="use" ignored="0" name="Command line test" tests="5" failures="0" timestamp="22 Dec 2020 17:13:22 GMT" time="0.116" errors="0">
  <testcase name="div" time="0.022" classname="com.vtiger.contact.CreatecontactTest"/>
  <testcase name="mul" time="0.001" classname="com.vtiger.contact.CreatecontactTest"/>
  <testcase name="sub" time="0.001" classname="com.vtiger.contact.CreatecontactTest"/>
  <testcase name="sum" time="0.004" classname="com.vtiger.contact.CreatecontactTest"/>
  <testcase name="ma" time="0.001" classname="com.vtiger.contact.CreateTest"/>
</testsuite> <!-- Command line test -->
