<?xml version="1.0" encoding="UTF-8"?>
<!-- Generated by org.testng.reporters.JUnitXMLReporter -->
<testsuite hostname="use" ignored="0" name="Default test" tests="4" failures="0" timestamp="2020-12-22T19:16:04 IST" time="0.122" errors="0">
  <testcase name="div" time="0.022" classname="com.vtiger.contact.Createcontact"/>
  <testcase name="mul" time="0.005" classname="com.vtiger.contact.Createcontact"/>
  <testcase name="sub" time="0.005" classname="com.vtiger.contact.Createcontact"/>
  <testcase name="sum" time="0.003" classname="com.vtiger.contact.Createcontact"/>
</testsuite> <!-- Default test -->
