<?xml version="1.0" encoding="UTF-8"?>
<testng-results skipped="0" failed="0" ignored="0" total="4" passed="4">
  <reporter-output>
  </reporter-output>
  <suite name="Default suite" duration-ms="122" started-at="2020-12-22T19:16:03 IST" finished-at="2020-12-22T19:16:04 IST">
    <groups>
    </groups>
    <test name="Default test" duration-ms="122" started-at="2020-12-22T19:16:03 IST" finished-at="2020-12-22T19:16:04 IST">
      <class name="com.vtiger.contact.Createcontact">
        <test-method status="PASS" signature="div()[pri:0, instance:com.vtiger.contact.Createcontact@6321e813]" name="div" duration-ms="22" started-at="2020-12-22T19:16:04 IST" finished-at="2020-12-22T19:16:04 IST">
          <reporter-output>
          </reporter-output>
        </test-method> <!-- div -->
        <test-method status="PASS" signature="mul()[pri:0, instance:com.vtiger.contact.Createcontact@6321e813]" name="mul" duration-ms="5" started-at="2020-12-22T19:16:04 IST" finished-at="2020-12-22T19:16:04 IST">
          <reporter-output>
          </reporter-output>
        </test-method> <!-- mul -->
        <test-method status="PASS" signature="sub()[pri:0, instance:com.vtiger.contact.Createcontact@6321e813]" name="sub" duration-ms="5" started-at="2020-12-22T19:16:04 IST" finished-at="2020-12-22T19:16:04 IST">
          <reporter-output>
          </reporter-output>
        </test-method> <!-- sub -->
        <test-method status="PASS" signature="sum()[pri:0, instance:com.vtiger.contact.Createcontact@6321e813]" name="sum" duration-ms="3" started-at="2020-12-22T19:16:04 IST" finished-at="2020-12-22T19:16:04 IST">
          <reporter-output>
          </reporter-output>
        </test-method> <!-- sum -->
      </class> <!-- com.vtiger.contact.Createcontact -->
    </test> <!-- Default test -->
  </suite> <!-- Default suite -->
</testng-results>
