<?xml version="1.0" encoding="UTF-8"?>
<testng-results skipped="0" failed="0" ignored="0" total="4" passed="4">
  <reporter-output>
  </reporter-output>
  <suite name="com.vtiger.contact.CreatecontactTest" duration-ms="185" started-at="2020-12-22T16:32:50Z" finished-at="2020-12-22T16:32:50Z">
    <groups>
    </groups>
    <test name="Command line test" duration-ms="185" started-at="2020-12-22T16:32:50Z" finished-at="2020-12-22T16:32:50Z">
      <class name="com.vtiger.contact.CreatecontactTest">
        <test-method status="PASS" signature="div()[pri:0, instance:com.vtiger.contact.CreatecontactTest@7f63425a]" name="div" duration-ms="83" started-at="2020-12-22T16:32:50Z" finished-at="2020-12-22T16:32:50Z">
          <reporter-output>
          </reporter-output>
        </test-method> <!-- div -->
        <test-method status="PASS" signature="mul()[pri:0, instance:com.vtiger.contact.CreatecontactTest@7f63425a]" name="mul" duration-ms="5" started-at="2020-12-22T16:32:50Z" finished-at="2020-12-22T16:32:50Z">
          <reporter-output>
          </reporter-output>
        </test-method> <!-- mul -->
        <test-method status="PASS" signature="sub()[pri:0, instance:com.vtiger.contact.CreatecontactTest@7f63425a]" name="sub" duration-ms="0" started-at="2020-12-22T16:32:50Z" finished-at="2020-12-22T16:32:50Z">
          <reporter-output>
          </reporter-output>
        </test-method> <!-- sub -->
        <test-method status="PASS" signature="sum()[pri:0, instance:com.vtiger.contact.CreatecontactTest@7f63425a]" name="sum" duration-ms="1" started-at="2020-12-22T16:32:50Z" finished-at="2020-12-22T16:32:50Z">
          <reporter-output>
          </reporter-output>
        </test-method> <!-- sum -->
      </class> <!-- com.vtiger.contact.CreatecontactTest -->
    </test> <!-- Command line test -->
  </suite> <!-- com.vtiger.contact.CreatecontactTest -->
</testng-results>
