<?xml version="1.0" encoding="UTF-8"?>
<testng-results skipped="0" failed="0" ignored="0" total="5" passed="5">
  <reporter-output>
  </reporter-output>
  <suite name="Command line suite" duration-ms="116" started-at="2020-12-22T17:13:22Z" finished-at="2020-12-22T17:13:22Z">
    <groups>
    </groups>
    <test name="Command line test" duration-ms="116" started-at="2020-12-22T17:13:22Z" finished-at="2020-12-22T17:13:22Z">
      <class name="com.vtiger.contact.CreateTest">
        <test-method status="PASS" signature="ma()[pri:0, instance:com.vtiger.contact.CreateTest@39ba5a14]" name="ma" duration-ms="1" started-at="2020-12-22T17:13:22Z" finished-at="2020-12-22T17:13:22Z">
          <reporter-output>
          </reporter-output>
        </test-method> <!-- ma -->
      </class> <!-- com.vtiger.contact.CreateTest -->
      <class name="com.vtiger.contact.CreatecontactTest">
        <test-method status="PASS" signature="div()[pri:0, instance:com.vtiger.contact.CreatecontactTest@36d64342]" name="div" duration-ms="22" started-at="2020-12-22T17:13:22Z" finished-at="2020-12-22T17:13:22Z">
          <reporter-output>
          </reporter-output>
        </test-method> <!-- div -->
        <test-method status="PASS" signature="mul()[pri:0, instance:com.vtiger.contact.CreatecontactTest@36d64342]" name="mul" duration-ms="1" started-at="2020-12-22T17:13:22Z" finished-at="2020-12-22T17:13:22Z">
          <reporter-output>
          </reporter-output>
        </test-method> <!-- mul -->
        <test-method status="PASS" signature="sub()[pri:0, instance:com.vtiger.contact.CreatecontactTest@36d64342]" name="sub" duration-ms="1" started-at="2020-12-22T17:13:22Z" finished-at="2020-12-22T17:13:22Z">
          <reporter-output>
          </reporter-output>
        </test-method> <!-- sub -->
        <test-method status="PASS" signature="sum()[pri:0, instance:com.vtiger.contact.CreatecontactTest@36d64342]" name="sum" duration-ms="4" started-at="2020-12-22T17:13:22Z" finished-at="2020-12-22T17:13:22Z">
          <reporter-output>
          </reporter-output>
        </test-method> <!-- sum -->
      </class> <!-- com.vtiger.contact.CreatecontactTest -->
    </test> <!-- Command line test -->
  </suite> <!-- Command line suite -->
</testng-results>
