<?xml version="1.0" encoding="UTF-8"?>
<!-- Generated by org.testng.reporters.JUnitXMLReporter -->
<testsuite hostname="use" ignored="0" name="Command line test" tests="4" failures="0" timestamp="22 Dec 2020 16:32:51 GMT" time="0.185" errors="0">
  <testcase name="div" time="0.083" classname="com.vtiger.contact.CreatecontactTest"/>
  <testcase name="mul" time="0.005" classname="com.vtiger.contact.CreatecontactTest"/>
  <testcase name="sub" time="0.0" classname="com.vtiger.contact.CreatecontactTest"/>
  <testcase name="sum" time="0.001" classname="com.vtiger.contact.CreatecontactTest"/>
</testsuite> <!-- Command line test -->
